<?xml version="1.0" encoding="UTF-8"?>
<!-- Generated by org.testng.reporters.JUnitReportReporter -->
<testsuite hostname="DESKTOP-OI8FCKA" failures="0" tests="1" name="TestNG7.Pom_runnerclass" time="2.255" errors="0" timestamp="2023-05-17T16:17:20 IST" skipped="0">
  <testcase classname="TestNG7.Pom_runnerclass" name="validlogin" time="2.255"/>
  <system-out/>
</testsuite> <!-- TestNG7.Pom_runnerclass -->
