<?xml version="1.0" encoding="UTF-8"?>
<!-- Generated by org.testng.reporters.JUnitReportReporter -->
<testsuite hostname="DESKTOP-OI8FCKA" failures="0" tests="1" name="TestNG7.Qcom_Assertion1" time="10.276" errors="0" timestamp="2023-05-16T15:31:36 IST" skipped="0">
  <testcase classname="TestNG7.Qcom_Assertion1" name="login1" time="10.276"/>
  <system-out/>
</testsuite> <!-- TestNG7.Qcom_Assertion1 -->
