<?xml version="1.0" encoding="UTF-8"?>
<!-- Generated by org.testng.reporters.JUnitReportReporter -->
<testsuite hostname="DESKTOP-OI8FCKA" failures="0" tests="1" name="TestNG7.TestScript07" time="9.056" errors="0" timestamp="2023-05-15T15:55:33 IST" skipped="0">
  <testcase classname="TestNG7.TestScript07" name="Login" time="9.056"/>
  <system-out/>
</testsuite> <!-- TestNG7.TestScript07 -->
