<?xml version="1.0" encoding="UTF-8"?>
<!-- Generated by org.testng.reporters.JUnitReportReporter -->
<testsuite hostname="DESKTOP-OI8FCKA" failures="0" tests="2" name="TestNG7.Test1" time="0.021" errors="0" timestamp="2023-05-12T15:08:09 IST" skipped="0">
  <testcase classname="TestNG7.Test1" name="data1" time="0.018"/>
  <system-out>
    <![CDATA[7]]>
  </system-out>
  <testcase classname="TestNG7.Test1" name="data2" time="0.003"/>
  <system-out>
    <![CDATA[2]]>
  </system-out>
</testsuite> <!-- TestNG7.Test1 -->
