<?xml version="1.0" encoding="UTF-8"?>
<!-- Generated by org.testng.reporters.JUnitReportReporter -->
<testsuite hostname="DESKTOP-OI8FCKA" failures="0" tests="1" name="TestNG7.Qcom_softasset" time="9.416" errors="0" timestamp="2023-05-16T15:37:00 IST" skipped="0">
  <testcase classname="TestNG7.Qcom_softasset" name="login1" time="9.416"/>
  <system-out/>
</testsuite> <!-- TestNG7.Qcom_softasset -->
