<?xml version="1.0" encoding="UTF-8"?>
<!-- Generated by org.testng.reporters.JUnitReportReporter -->
<testsuite hostname="DESKTOP-OI8FCKA" failures="0" tests="1" name="TestNG7.Test2" time="0.001" errors="0" timestamp="2023-05-12T15:08:09 IST" skipped="0">
  <testcase classname="TestNG7.Test2" name="data3" time="0.001"/>
  <system-out>
    <![CDATA[13]]>
  </system-out>
</testsuite> <!-- TestNG7.Test2 -->
