<?xml version="1.0" encoding="UTF-8"?>
<!-- Generated by org.testng.reporters.JUnitReportReporter -->
<testsuite hostname="DESKTOP-OI8FCKA" failures="0" tests="1" name="Hybrid_framework.Test_Endtoend" time="7.163" errors="0" timestamp="2023-05-19T15:35:06 IST" skipped="0">
  <testcase classname="Hybrid_framework.Test_Endtoend" name="validLogin" time="7.163"/>
  <system-out/>
</testsuite> <!-- Hybrid_framework.Test_Endtoend -->
