<?xml version="1.0" encoding="UTF-8"?>
<!-- Generated by org.testng.reporters.JUnitReportReporter -->
<testsuite hostname="DESKTOP-OI8FCKA" failures="0" tests="1" name="Hybrid_framework.Hybrid_ruunerclass" time="3.754" errors="0" timestamp="2023-05-18T14:37:17 IST" skipped="0">
  <testcase classname="Hybrid_framework.Hybrid_ruunerclass" name="validLogin" time="3.754"/>
  <system-out/>
</testsuite> <!-- Hybrid_framework.Hybrid_ruunerclass -->
