<?xml version="1.0" encoding="UTF-8"?>
<!-- Generated by org.testng.reporters.JUnitReportReporter -->
<testsuite hostname="DESKTOP-OI8FCKA" failures="0" tests="2" name="TestNG7.Groups" time="0.016" errors="0" timestamp="2023-05-19T15:47:08 IST" skipped="0">
  <testcase classname="TestNG7.Groups" name="data2" time="0.014"/>
  <system-out/>
  <testcase classname="TestNG7.Groups" name="data4" time="0.002"/>
  <system-out/>
</testsuite> <!-- TestNG7.Groups -->
